d:\all projects\copengltest3\build\main.dir\debug\vc143.pdb
d:\all projects\copengltest3\build\main.dir\debug\main.obj
d:\all projects\copengltest3\build\cmakefiles\generate.stamp
d:\all projects\copengltest3\build\debug\main.pdb
d:\all projects\copengltest3\build\main.dir\debug\main.tlog\cl.command.1.tlog
d:\all projects\copengltest3\build\main.dir\debug\main.tlog\cl.items.tlog
d:\all projects\copengltest3\build\main.dir\debug\main.tlog\cl.read.1.tlog
d:\all projects\copengltest3\build\main.dir\debug\main.tlog\cl.write.1.tlog
d:\all projects\copengltest3\build\main.dir\debug\main.tlog\custombuild.command.1.tlog
d:\all projects\copengltest3\build\main.dir\debug\main.tlog\custombuild.read.1.tlog
d:\all projects\copengltest3\build\main.dir\debug\main.tlog\custombuild.write.1.tlog
d:\all projects\copengltest3\build\main.dir\debug\main.tlog\link-cvtres.read.1.tlog
d:\all projects\copengltest3\build\main.dir\debug\main.tlog\link-cvtres.write.1.tlog
d:\all projects\copengltest3\build\main.dir\debug\main.tlog\link-rc.read.1.tlog
d:\all projects\copengltest3\build\main.dir\debug\main.tlog\link-rc.write.1.tlog
d:\all projects\copengltest3\build\main.dir\debug\main.tlog\link.19260-cvtres.read.1.tlog
d:\all projects\copengltest3\build\main.dir\debug\main.tlog\link.19260-cvtres.write.1.tlog
d:\all projects\copengltest3\build\main.dir\debug\main.tlog\link.19260-rc.read.1.tlog
d:\all projects\copengltest3\build\main.dir\debug\main.tlog\link.19260-rc.write.1.tlog
d:\all projects\copengltest3\build\main.dir\debug\main.tlog\link.19260.read.1.tlog
d:\all projects\copengltest3\build\main.dir\debug\main.tlog\link.19260.read.3.tlog
d:\all projects\copengltest3\build\main.dir\debug\main.tlog\link.19260.write.1.tlog
d:\all projects\copengltest3\build\main.dir\debug\main.tlog\link.command.1.tlog
d:\all projects\copengltest3\build\main.dir\debug\main.tlog\link.read.1.tlog
d:\all projects\copengltest3\build\main.dir\debug\main.tlog\link.read.2.tlog
d:\all projects\copengltest3\build\main.dir\debug\main.tlog\link.write.1.tlog
